<?xml version="1.0" encoding="UTF-8"?>
<!-- Generated by org.testng.reporters.JUnitReportReporter -->
<testsuite hostname="cdffcecbefbfeaebbdecaefafbeacaadac-0" failures="0" tests="1" name="test.java.runner.Test_Browser" time="82.470" errors="0" timestamp="2023-10-25T10:17:30 UTC" skipped="0">
  <testcase classname="test.java.runner.Test_Browser" name="display1" time="82.470"/>
</testsuite> <!-- test.java.runner.Test_Browser -->
