<?xml version="1.0" encoding="UTF-8"?>
<!-- Generated by org.testng.reporters.JUnitReportReporter -->
<testsuite hostname="seleniuminstance1-0" failures="0" tests="1" name="runner.Testcase_Flight" time="44.815" errors="0" timestamp="2023-10-18T17:37:21 UTC" skipped="0">
  <testcase classname="runner.Testcase_Flight" name="TC_003" time="44.815"/>
</testsuite> <!-- runner.Testcase_Flight -->
